<?xml version="1.0" encoding="UTF-8"?>
<!-- Generated by org.testng.reporters.JUnitReportReporter -->
<testsuite hostname="Krishnavenis-MacBook-Air.local" failures="0" tests="2" name="TestSuite1.TC1" time="0.017" errors="0" timestamp="2021-06-19T14:13:07 IST" skipped="0">
  <testcase classname="TestSuite1.TC1" name="SignUpValid" time="0.016"/>
  <system-out/>
  <testcase classname="TestSuite1.TC1" name="LoginValidTest" time="0.001"/>
  <system-out/>
</testsuite> <!-- TestSuite1.TC1 -->
