<?xml version="1.0" encoding="UTF-8"?>
<!-- Generated by org.testng.reporters.JUnitReportReporter -->
<testsuite hostname="Krishnavenis-MacBook-Air.local" failures="0" tests="1" name="Simplilearn.LoginTesting" time="22.215" errors="0" timestamp="2021-06-19T14:23:22 IST" skipped="0">
  <testcase classname="Simplilearn.LoginTesting" name="Login1" time="22.215"/>
  <system-out/>
</testsuite> <!-- Simplilearn.LoginTesting -->
