<?xml version="1.0" encoding="UTF-8"?>
<!-- Generated by org.testng.reporters.JUnitReportReporter -->
<testsuite hostname="Krishnavenis-MacBook-Air.local" failures="0" tests="3" name="TestSuite1.TC2" time="0.003" errors="0" timestamp="2021-06-19T14:13:07 IST" skipped="0">
  <testcase classname="TestSuite1.TC2" name="HomePage2" time="0.001"/>
  <system-out/>
  <testcase classname="TestSuite1.TC2" name="HomePage3" time="0.001"/>
  <system-out/>
  <testcase classname="TestSuite1.TC2" name="HomePage1" time="0.001"/>
  <system-out/>
</testsuite> <!-- TestSuite1.TC2 -->
